<?xml version="1.0" encoding="UTF-8"?>
<testsuite xmlns:xsi="http://www.w3.org/2001/XMLSchema-instance" xsi:noNamespaceSchemaLocation="https://maven.apache.org/surefire/maven-surefire-plugin/xsd/surefire-test-report.xsd" name="runner.UITestRunner" time="0.789" tests="1" errors="1" skipped="0" failures="0">
  <properties>
[...]
</properties>
  <testcase name="initializationError" classname="runner.UITestRunner" time="0.006">
    <error message="Bad tag: &quot;db&quot;" type="gherkin.TagExpression$BadTagException">gherkin.TagExpression$BadTagException: Bad tag: "db"
</error>
  </testcase>
</testsuite>